c:\users\leeho\onedrive\문서\vs c++ 2022\frogman engine editor runtime\x64\release\vc143.pdb
c:\users\leeho\onedrive\문서\vs c++ 2022\frogman engine editor runtime\x64\release\frogman engine editor runtime main.obj
c:\users\leeho\onedrive\문서\vs c++ 2022\frogman engine editor runtime\x64\release\frogman engine editor runtime.ipdb
c:\users\leeho\onedrive\문서\vs c++ 2022\frogman engine editor runtime\x64\release\frogman engine editor runtime.iobj
c:\users\leeho\onedrive\문서\vs c++ 2022\frogman engine editor runtime\x64\release\frogman engine editor runtime.exe
c:\users\leeho\onedrive\문서\vs c++ 2022\frogman engine editor runtime\x64\release\frogman engine editor runtime.pdb
c:\users\leeho\onedrive\문서\vs c++ 2022\frogman engine editor runtime\x64\release\frogman engine editor runtime.res
c:\users\leeho\onedrive\문서\frogman engine powered by directx12\frogman engine\editor\frogman engine editor runtime\x64\release\frogman engine editor runtime main.obj
c:\users\leeho\onedrive\문서\frogman engine powered by directx12\frogman engine\editor\frogman engine editor runtime\x64\release\frogman engine editor runtime.ipdb
c:\users\leeho\onedrive\문서\frogman engine powered by directx12\frogman engine\editor\frogman engine editor runtime\x64\release\frogman engine editor runtime.iobj
c:\users\leeho\onedrive\문서\frogman engine powered by directx12\frogman engine\editor\frogman engine editor runtime\x64\release\frogman engine editor runtime.res
c:\users\leeho\onedrive\문서\frogman engine powered by directx12\frogman engine\editor\frogman engine editor runtime\x64\release\frogman engine editor runtime.pdb
c:\users\leeho\onedrive\문서\frogman engine powered by directx12\frogman engine\editor\frogman engine editor runtime\x64\release\vc143.pdb
c:\users\leeho\onedrive\문서\frogman engine powered by directx12\frogman engine\editor\frogman engine editor runtime\x64\release\frogman engine editor runtime.exe
c:\users\leeho\onedrive\문서\frogman engine powered by directx12\frogman engine\editor\frogman engine editor runtime\x64\release\frogman .8f4da405.tlog\cl.command.1.tlog
c:\users\leeho\onedrive\문서\frogman engine powered by directx12\frogman engine\editor\frogman engine editor runtime\x64\release\frogman .8f4da405.tlog\cl.read.1.tlog
c:\users\leeho\onedrive\문서\frogman engine powered by directx12\frogman engine\editor\frogman engine editor runtime\x64\release\frogman .8f4da405.tlog\cl.write.1.tlog
c:\users\leeho\onedrive\문서\frogman engine powered by directx12\frogman engine\editor\frogman engine editor runtime\x64\release\frogman .8f4da405.tlog\link.command.1.tlog
c:\users\leeho\onedrive\문서\frogman engine powered by directx12\frogman engine\editor\frogman engine editor runtime\x64\release\frogman .8f4da405.tlog\link.read.1.tlog
c:\users\leeho\onedrive\문서\frogman engine powered by directx12\frogman engine\editor\frogman engine editor runtime\x64\release\frogman .8f4da405.tlog\link.write.1.tlog
c:\users\leeho\onedrive\문서\frogman engine powered by directx12\frogman engine\editor\frogman engine editor runtime\x64\release\frogman .8f4da405.tlog\link.write.2u.tlog
c:\users\leeho\onedrive\문서\frogman engine powered by directx12\frogman engine\editor\frogman engine editor runtime\x64\release\frogman .8f4da405.tlog\rc.command.1.tlog
c:\users\leeho\onedrive\문서\frogman engine powered by directx12\frogman engine\editor\frogman engine editor runtime\x64\release\frogman .8f4da405.tlog\rc.read.1.tlog
c:\users\leeho\onedrive\문서\frogman engine powered by directx12\frogman engine\editor\frogman engine editor runtime\x64\release\frogman .8f4da405.tlog\rc.write.1.tlog
